Building DAG of jobs...
Using shell: /usr/bin/bash
Provided cores: 8
Rules claiming more threads will be scaled down.
Job stats:
job            count
-----------  -------
make_graphs        1
total              1

Select jobs to execute...
Execute 1 jobs...

[Tue Feb 27 14:11:51 2024]
Job 0: Graphs created successfully and saved as "docs/dag.pdf"
Reason: Missing output files: docs/BCNexus_workflow_Rulegraph.svg, docs/BCNexus_workflow_dag.svg, docs/BCNexus_workflow_filegraph.svg

[Tue Feb 27 14:11:51 2024]
Error in rule make_graphs:
    jobid: 0
    output: docs/BCNexus_workflow_dag.svg, docs/BCNexus_workflow_Rulegraph.svg, docs/BCNexus_workflow_filegraph.svg
    log: workflow/logs/foo.stdout, workflow/logs/foo.stderr (check log file(s) for error details)
    shell:
        
        rm -f docs/*.svg
        snakemake --forceall --dag | dot -Tsvg -Gsize="8.3,11.7" -Gorientation="portrait" -o docs/BCNexus_workflow_dag.svg > workflow/logs/foo.stdout 2> workflow/logs/foo.stderr
        snakemake --rulegraph | dot -Tsvg -o docs/BCNexus_workflow_Rulegraph.svg > workflow/logs/foo.stdout 2> workflow/logs/foo.stderr
        snakemake --filegraph | dot -Tsvg -o docs/BCNexus_workflow_filegraph.svg > workflow/logs/foo.stdout 2> workflow/logs/foo.stderr
        
        (one of the commands exited with non-zero exit code; note that snakemake uses bash strict mode!)

Shutting down, this might take some time.
Exiting because a job execution failed. Look above for error message
Complete log: .snakemake/log/2024-02-27T141151.230231.snakemake.log
WorkflowError:
At least one job did not complete successfully.
