Building DAG of jobs...
Using shell: /usr/bin/bash
Provided cores: 4
Rules claiming more threads will be scaled down.
Job stats:
job            count
-----------  -------
make_graphs        1
total              1

Select jobs to execute...
Execute 1 jobs...

[Tue Feb 27 14:23:10 2024]
Job 0: Graphs created successfully and saved as "docs/dag.pdf"
Reason: Missing output files: docs/BCNexus_workflow_filegraph.svg, docs/BCNexus_workflow_Rulegraph.svg, docs/BCNexus_workflow_dag.svg

Waiting at most 5 seconds for missing files.
MissingOutputException in rule make_graphs in file /home/eliasinul/repositories/BC-CLEWS-Model/workflow/snakefile, line 19:
Job 0 completed successfully, but some output files are missing. Missing files after 5 seconds. This might be due to filesystem latency. If that is the case, consider to increase the wait time with --latency-wait:
docs/BCNexus_workflow_Rulegraph.svg
Removing output files of failed job make_graphs since they might be corrupted:
docs/BCNexus_workflow_dag.svg, docs/BCNexus_workflow_filegraph.svg
Shutting down, this might take some time.
Exiting because a job execution failed. Look above for error message
Complete log: .snakemake/log/2024-02-27T142310.758282.snakemake.log
WorkflowError:
At least one job did not complete successfully.
