Building DAG of jobs...
Using shell: /usr/bin/bash
Provided cores: 8
Rules claiming more threads will be scaled down.
Job stats:
job                    count
-------------------  -------
Model_Shell                1
Scenario_Data_Files        1
total                      2

Select jobs to execute...
Execute 1 jobs...

[Tue Feb 27 14:30:29 2024]
Job 1: check_flags/Collecting the data files...
Reason: Missing output files: check_flags/Model_shell_complete.check; Updated input files: config/20230302_BCNexus_CLEWsy.yaml

[Tue Feb 27 14:30:29 2024]
Finished job 1.
1 of 2 steps (50%) done
Select jobs to execute...
Execute 1 jobs...

[Tue Feb 27 14:30:29 2024]
localrule Scenario_Data_Files:
    input: check_flags/Model_shell_complete.check, workflow/scripts/organize_files.py
    output: data
    jobid: 0
    reason: Input files updated by another job: check_flags/Model_shell_complete.check
    resources: tmpdir=/tmp

[Tue Feb 27 14:30:29 2024]
Finished job 0.
2 of 2 steps (100%) done
Complete log: .snakemake/log/2024-02-27T143029.457061.snakemake.log
