
Gurobi 12.0.0 (linux64) logging started Sun Nov 16 00:31:44 2025

Set parameter LogFile to value "results/clews/Model_Kotzur_Base_CNZ_noCCS/24ts/gurobi.log"
Gurobi Optimizer version 12.0.0 build v12.0.0rc1 (linux64 - "Ubuntu 20.04.6 LTS")

CPU model: 13th Gen Intel(R) Core(TM) i9-13900K, instruction set [SSE2|AVX|AVX2]
Thread count: 32 physical cores, 32 logical processors, using up to 32 threads

Non-default parameters:
Method  2
LogToConsole  0
Threads  32

Optimize a model with 702191 rows, 821186 columns and 8289967 nonzeros
Model fingerprint: 0xdadaf3a5
Coefficient statistics:
  Matrix range     [9e-09, 1e+06]
  Objective range  [2e-03, 2e+08]
  Bounds range     [0e+00, 0e+00]
  RHS range        [1e-05, 1e+08]
Warning: Model contains large matrix coefficient range
         Consider reformulating model or setting NumericFocus parameter
         to avoid numerical issues.
Presolve removed 526576 rows and 435451 columns
Presolve time: 1.33s
Presolved: 175615 rows, 385735 columns, 4198384 nonzeros

Ordering time: 10.18s

Barrier statistics:
 Dense cols : 1282
 Free vars  : 120
 AA' NZ     : 9.462e+06
 Factor NZ  : 7.277e+07 (roughly 800 MB of memory)
 Factor Ops : 1.583e+11 (less than 1 second per iteration)
 Threads    : 32

                  Objective                Residual
Iter       Primal          Dual         Primal    Dual     Compl     Time
   0   1.47109089e+13 -3.00422825e+10  2.66e+07 7.98e-01  3.84e+09    13s
   1   1.26980377e+13 -3.46884380e+11  2.23e+07 1.92e+05  3.20e+09    14s
   2   8.00862566e+12 -6.34415524e+11  1.21e+07 1.56e+05  2.03e+09    14s
   3   5.69840714e+12 -8.90768781e+11  7.15e+06 1.05e+05  1.30e+09    15s
   4   3.87548131e+12 -1.10946167e+12  3.40e+06 6.44e+04  7.31e+08    16s
   5   2.54085414e+12 -1.22231489e+12  9.70e+05 2.82e+04  2.83e+08    17s
   6   1.77167865e+12 -1.04771874e+12  2.47e+05 9.34e+03  9.42e+07    17s
   7   1.19555322e+12 -7.31463371e+11  6.31e+04 1.82e+03  3.11e+07    18s
   8   8.17443960e+11 -5.53955092e+11  9.64e+03 3.51e+02  1.50e+07    18s
   9   3.72208494e+11 -5.02440077e+11  2.16e+03 2.05e+02  6.82e+06    19s
  10   9.48618404e+10 -4.39045547e+11  3.45e+02 1.23e+02  2.44e+06    20s
  11   1.89523689e+10 -2.01208741e+11  6.57e+01 1.97e+01  6.05e+05    20s
  12   5.86161366e+09 -7.09423033e+10  2.21e+01 4.96e+00  1.81e+05    21s
  13   4.42615206e+09 -3.41306011e+10  1.68e+01 2.16e+00  8.72e+04    22s
  14   7.64823623e+08 -1.50240905e+10  1.32e+00 8.40e-01  3.33e+04    23s
  15   2.10869660e+08 -2.44458069e+09  2.82e-01 1.23e-01  5.47e+03    23s
  16   9.25458822e+07 -9.40984743e+08  1.04e-01 4.52e-02  2.11e+03    24s
  17   7.59066363e+07 -3.78097409e+08  7.99e-02 1.86e-02  9.22e+02    25s
  18   5.93164839e+07 -1.67137151e+08  5.42e-02 8.61e-03  4.56e+02    26s
  19   4.32923889e+07 -1.12931909e+08  6.64e-02 6.01e-03  3.15e+02    26s
  20   3.78092226e+07 -7.98850595e+07  8.24e-02 4.49e-03  2.37e+02    27s
  21   3.29580244e+07 -5.51681437e+07  9.82e-02 3.32e-03  1.77e+02    28s
  22   3.00243730e+07 -2.76583815e+07  1.01e-01 2.12e-03  1.16e+02    28s
  23   2.70536297e+07  2.04570977e+06  1.01e-01 8.51e-04  5.03e+01    29s
  24   2.53025547e+07  1.42365262e+07  1.05e-01 3.65e-04  2.25e+01    30s
  25   2.49580283e+07  1.76377892e+07  9.01e-02 2.28e-04  1.50e+01    32s
  26   2.43359433e+07  2.05992693e+07  6.97e-02 1.16e-04  7.85e+00    33s
  27   2.43170680e+07  2.12716518e+07  6.77e-02 9.07e-05  6.42e+00    34s
  28   2.42809253e+07  2.19544969e+07  6.47e-02 6.66e-05  5.03e+00    37s
  29   2.41444909e+07  2.21657571e+07  5.08e-02 5.91e-05  4.29e+00    38s
  30   2.40482371e+07  2.25564878e+07  6.63e-02 4.51e-05  3.33e+00    40s
  31   2.40216809e+07  2.26156025e+07  6.10e-02 4.31e-05  3.14e+00    41s
  32   2.39632979e+07  2.35575756e+07  6.03e-02 8.38e-06  1.17e+00    43s
  33   2.38653445e+07  2.36519356e+07  3.01e-02 5.32e-06  6.13e-01    45s
  34   2.38307135e+07  2.37444531e+07  1.19e-02 2.03e-06  2.64e-01    46s
  35   2.38127612e+07  2.37492684e+07  1.19e-02 1.43e-06  1.99e-01    47s
  36   2.38003620e+07  2.37606979e+07  1.19e-02 1.02e-06  1.45e-01    48s
  37   2.37899559e+07  2.37644369e+07  1.20e-02 8.59e-07  1.11e-01    48s
  38   2.37832426e+07  2.37683711e+07  1.20e-02 6.88e-07  8.69e-02    49s
  39   2.37790429e+07  2.37732498e+07  1.20e-02 4.69e-07  6.69e-02    50s
  40   2.37735490e+07  2.37765373e+07  1.20e-02 3.10e-07  4.85e-02    52s
  41   2.37694467e+07  2.37806959e+07  1.20e-02 6.75e-07  3.14e-02    53s
  42   2.37696226e+07  2.37910562e+07  3.30e-02 6.73e-07  2.99e-02    54s
  43   2.37711838e+07  2.37827101e+07  2.23e-02 3.32e-07  2.66e-02    55s
  44   2.37728260e+07  2.37890130e+07  1.20e-02 1.79e-07  1.72e-02    56s
  45   2.37733082e+07  2.37917327e+07  1.25e-02 9.42e-08  1.17e-02    57s
  46   2.37735591e+07  2.37942522e+07  1.21e-02 4.55e-08  7.06e-03    58s
  47   2.37736627e+07  2.37948090e+07  1.20e-02 3.65e-08  5.80e-03    58s
  48   2.37737832e+07  2.37953974e+07  1.20e-02 2.98e-08  4.37e-03    59s
  49   2.37738766e+07  2.37964570e+07  1.20e-02 1.49e-08  2.83e-03    60s
  50   2.37739727e+07  2.37971572e+07  1.20e-02 2.24e-08  1.79e-03    61s
  51   2.37740442e+07  2.37981381e+07  1.20e-02 1.30e-08  9.22e-04    62s
  52   2.37740553e+07  2.37985552e+07  1.21e-02 1.49e-08  7.02e-04    63s
  53   2.37740603e+07  2.37988448e+07  1.23e-02 1.40e-08  5.82e-04    64s
  54   2.37740647e+07  2.37989556e+07  1.24e-02 4.02e-07  5.15e-04    64s
  55   2.37740672e+07  2.37990424e+07  1.24e-02 6.56e-07  4.77e-04    65s
  56   2.37740690e+07  2.37992417e+07  1.24e-02 1.30e-06  4.31e-04    66s
  57   2.37740726e+07  2.37993864e+07  1.26e-02 5.14e-06  3.43e-04    67s
  58   2.37740777e+07  2.37995637e+07  1.26e-02 1.18e-05  2.84e-04    68s
  59   2.37740786e+07  2.37996635e+07  1.27e-02 1.36e-05  2.50e-04    69s
  60   2.37740832e+07  2.37998525e+07  1.27e-02 1.25e-05  2.04e-04    70s
  61   2.37740870e+07  2.38000850e+07  1.28e-02 6.66e-06  1.88e-04    71s
  62   2.37732322e+07  2.38124890e+07  5.83e-02 6.78e-06  1.76e-04    72s
  63   2.37732328e+07  2.37886085e+07  5.83e-02 6.78e-06  1.78e-04    73s
  64   2.37732324e+07  2.38125048e+07  5.84e-02 6.78e-06  1.80e-04    75s
  65   2.37744274e+07  2.37887590e+07  5.53e-02 6.65e-06  2.92e-03    76s
  66   2.37889042e+07  2.38001769e+07  5.28e-02 6.12e-06  2.83e-02    77s
  67   2.37884462e+07  2.38018875e+07  4.99e-02 1.05e-05  2.65e-02    79s
  68   2.37883545e+07  2.38024925e+07  4.85e-02 9.95e-06  2.58e-02    80s
  69   2.37882293e+07  2.38030500e+07  4.53e-02 1.08e-05  2.45e-02    81s

Barrier performed 69 iterations in 80.87 seconds (107.54 work units)
Sub-optimal termination - objective 2.37740786e+07

Crossover log...

   72212 DPushes remaining with DInf 0.0000000e+00                81s
       0 DPushes remaining with DInf 0.0000000e+00                82s

  361783 PPushes remaining with PInf 7.2631205e+01                82s
  227367 PPushes remaining with PInf 1.0737367e+03                85s
  172440 PPushes remaining with PInf 1.0645931e+03                90s
  140287 PPushes remaining with PInf 1.0585513e+03                95s
  109473 PPushes remaining with PInf 1.0508980e+03               100s
   85648 PPushes remaining with PInf 1.0501193e+03               105s
   50376 PPushes remaining with PInf 1.0075819e+03               110s
   22970 PPushes remaining with PInf 9.9258204e+02               115s
     780 PPushes remaining with PInf 4.6228534e+02               120s
       0 PPushes remaining with PInf 4.4581716e+02               121s

  Push phase complete: Pinf 4.4581716e+02, Dinf 1.9985271e+08    121s

Iteration    Objective       Primal Inf.    Dual Inf.      Time
  402029    2.3769654e+07   0.000000e+00   1.998527e+08    121s
  402529    2.3767544e+07   0.000000e+00   2.147919e+14    125s
  403069    2.3766849e+07   0.000000e+00   8.588816e+09    130s
  403609    2.3766848e+07   0.000000e+00   5.736785e+09    135s
  404149    2.3766848e+07   0.000000e+00   1.423361e+10    140s
  404689    2.3766846e+07   0.000000e+00   1.359889e+10    146s
  405139    2.3766844e+07   0.000000e+00   5.055053e+10    150s
  405779    2.3766839e+07   0.000000e+00   6.059282e+10    156s
  406319    2.3766833e+07   0.000000e+00   2.677178e+10    162s
  406679    2.3766830e+07   0.000000e+00   8.269715e+10    165s
  407219    2.3766824e+07   0.000000e+00   3.424717e+11    171s
  407689    2.3766818e+07   0.000000e+00   5.337283e+10    175s
  408179    2.3766812e+07   0.000000e+00   5.560399e+09    180s
  408679    2.3766805e+07   0.000000e+00   3.771974e+10    185s
  409279    2.3766795e+07   0.000000e+00   2.459389e+10    191s
  409689    2.3766789e+07   0.000000e+00   7.371816e+09    195s
  410229    2.3766782e+07   0.000000e+00   4.025120e+10    200s
  410749    2.3766777e+07   1.820494e-06   6.076688e+14    206s
  411259    2.3766773e+07   0.000000e+00   5.156690e+09    211s
  411789    2.3766772e+07   0.000000e+00   6.872852e+10    216s
  412229    2.3766771e+07   0.000000e+00   4.344296e+09    221s
  412759    2.3766768e+07   0.000000e+00   1.091216e+10    226s
  413169    2.3766764e+07   0.000000e+00   1.526340e+10    230s
  413659    2.3766761e+07   0.000000e+00   9.760013e+09    235s
  414309    2.3766757e+07   0.000000e+00   5.957994e+09    242s
  414789    2.3766752e+07   0.000000e+00   1.662880e+10    247s
  415279    2.3766748e+07   0.000000e+00   5.875604e+09    251s
  415679    2.3766746e+07   0.000000e+00   5.836469e+09    255s
  416179    2.3766743e+07   0.000000e+00   1.091154e+10    260s
  416679    2.3766739e+07   0.000000e+00   5.142466e+09    266s
  417269    2.3766735e+07   0.000000e+00   4.573633e+09    271s
  417679    2.3766732e+07   0.000000e+00   1.488568e+10    275s
  418179    2.3766725e+07   0.000000e+00   1.882887e+10    280s
  418639    2.3766719e+07   0.000000e+00   1.140341e+10    285s
  419219    2.3766714e+07   0.000000e+00   7.063910e+10    291s
  419709    2.3766712e+07   0.000000e+00   5.223481e+09    296s
  420189    2.3766710e+07   0.000000e+00   2.568158e+11    301s
